# JRE version: Java(TM) SE Runtime Environment (7.0_45-b18) (build 1.7.0_45-b18)
# Java VM: Java HotSpot(TM) Client VM (24.45-b08 mixed mode, sharing windows-x86 )
Heap
 def new generation   total 23680K, used 6539K [0x24320000, 0x25cd0000, 0x29870000)
  eden space 21056K,  31% used [0x24320000, 0x24982c70, 0x257b0000)
  from space 2624K,   0% used [0x257b0000, 0x257b0000, 0x25a40000)
  to   space 2624K,   0% used [0x25a40000, 0x25a40000, 0x25cd0000)
 tenured generation   total 52536K, used 31520K [0x29870000, 0x2cbbe000, 0x34320000)
   the space 52536K,  59% used [0x29870000, 0x2b738000, 0x2b738000, 0x2cbbe000)
 compacting perm gen  total 12288K, used 3650K [0x34320000, 0x34f20000, 0x38320000)
   the space 12288K,  29% used [0x34320000, 0x346b0a68, 0x346b0c00, 0x34f20000)
    ro space 10240K,  41% used [0x38320000, 0x38751a78, 0x38751c00, 0x38d20000)
    rw space 12288K,  52% used [0x38d20000, 0x393662c0, 0x39366400, 0x39920000)
GC Heap History (10 events):
Event: 0.450 GC heap before
{Heap before GC invocations=2 (full 0):
 def new generation   total 4928K, used 4341K [0x24320000, 0x24870000, 0x29870000)
  eden space 4416K,  86% used [0x24320000, 0x246dd660, 0x24770000)
  from space 512K, 100% used [0x24770000, 0x247f0000, 0x247f0000)
  to   space 512K,   0% used [0x247f0000, 0x247f0000, 0x24870000)
 tenured generation   total 10944K, used 1766K [0x29870000, 0x2a320000, 0x34320000)
   the space 10944K,  16% used [0x29870000, 0x29a298d8, 0x29a29a00, 0x2a320000)
 compacting perm gen  total 12288K, used 3006K [0x34320000, 0x34f20000, 0x38320000)
   the space 12288K,  24% used [0x34320000, 0x3460f870, 0x3460fa00, 0x34f20000)
    ro space 10240K,  41% used [0x38320000, 0x38751a78, 0x38751c00, 0x38d20000)
    rw space 12288K,  52% used [0x38d20000, 0x393662c0, 0x39366400, 0x39920000)
Event: 0.455 GC heap after
Heap after GC invocations=3 (full 0):
 def new generation   total 4928K, used 2K [0x24320000, 0x24870000, 0x29870000)
  eden space 4416K,   0% used [0x24320000, 0x24320000, 0x24770000)
  from space 512K,   0% used [0x247f0000, 0x247f0bc0, 0x24870000)
  to   space 512K,   0% used [0x24770000, 0x24770000, 0x247f0000)
 tenured generation   total 10944K, used 5874K [0x29870000, 0x2a320000, 0x34320000)
   the space 10944K,  53% used [0x29870000, 0x29e2c958, 0x29e2ca00, 0x2a320000)
 compacting perm gen  total 12288K, used 3006K [0x34320000, 0x34f20000, 0x38320000)
   the space 12288K,  24% used [0x34320000, 0x3460f870, 0x3460fa00, 0x34f20000)
    ro space 10240K,  41% used [0x38320000, 0x38751a78, 0x38751c00, 0x38d20000)
    rw space 12288K,  52% used [0x38d20000, 0x393662c0, 0x39366400, 0x39920000)
}
Event: 0.483 GC heap before
{Heap before GC invocations=3 (full 0):
 def new generation   total 4928K, used 4418K [0x24320000, 0x24870000, 0x29870000)
  eden space 4416K, 100% used [0x24320000, 0x24770000, 0x24770000)
  from space 512K,   0% used [0x247f0000, 0x247f0bc0, 0x24870000)
  to   space 512K,   0% used [0x24770000, 0x24770000, 0x247f0000)
 tenured generation   total 10944K, used 5874K [0x29870000, 0x2a320000, 0x34320000)
   the space 10944K,  53% used [0x29870000, 0x29e2c958, 0x29e2ca00, 0x2a320000)
 compacting perm gen  total 12288K, used 3006K [0x34320000, 0x34f20000, 0x38320000)
   the space 12288K,  24% used [0x34320000, 0x3460f960, 0x3460fa00, 0x34f20000)
    ro space 10240K,  41% used [0x38320000, 0x38751a78, 0x38751c00, 0x38d20000)
    rw space 12288K,  52% used [0x38d20000, 0x393662c0, 0x39366400, 0x39920000)
Event: 0.492 GC heap after
Heap after GC invocations=4 (full 0):
 def new generation   total 4928K, used 512K [0x24320000, 0x24870000, 0x29870000)
  eden space 4416K,   0% used [0x24320000, 0x24320000, 0x24770000)
  from space 512K, 100% used [0x24770000, 0x247f0000, 0x247f0000)
  to   space 512K,   0% used [0x247f0000, 0x247f0000, 0x24870000)
 tenured generation   total 10944K, used 9775K [0x29870000, 0x2a320000, 0x34320000)
   the space 10944K,  89% used [0x29870000, 0x2a1fbf70, 0x2a1fc000, 0x2a320000)
 compacting perm gen  total 12288K, used 3006K [0x34320000, 0x34f20000, 0x38320000)
   the space 12288K,  24% used [0x34320000, 0x3460f960, 0x3460fa00, 0x34f20000)
    ro space 10240K,  41% used [0x38320000, 0x38751a78, 0x38751c00, 0x38d20000)
    rw space 12288K,  52% used [0x38d20000, 0x393662c0, 0x39366400, 0x39920000)
}
Event: 0.510 GC heap before
{Heap before GC invocations=4 (full 0):
 def new generation   total 4928K, used 4928K [0x24320000, 0x24870000, 0x29870000)
  eden space 4416K, 100% used [0x24320000, 0x24770000, 0x24770000)
  from space 512K, 100% used [0x24770000, 0x247f0000, 0x247f0000)
  to   space 512K,   0% used [0x247f0000, 0x247f0000, 0x24870000)
 tenured generation   total 10944K, used 9775K [0x29870000, 0x2a320000, 0x34320000)
   the space 10944K,  89% used [0x29870000, 0x2a1fbf70, 0x2a1fc000, 0x2a320000)
 compacting perm gen  total 12288K, used 3006K [0x34320000, 0x34f20000, 0x38320000)
   the space 12288K,  24% used [0x34320000, 0x3460f960, 0x3460fa00, 0x34f20000)
    ro space 10240K,  41% used [0x38320000, 0x38751a78, 0x38751c00, 0x38d20000)
    rw space 12288K,  52% used [0x38d20000, 0x393662c0, 0x39366400, 0x39920000)
Event: 0.556 GC heap after
Heap after GC invocations=5 (full 1):
 def new generation   total 10816K, used 430K [0x24320000, 0x24ed0000, 0x29870000)
  eden space 9664K,   4% used [0x24320000, 0x2438b940, 0x24c90000)
  from space 1152K,   0% used [0x24c90000, 0x24c90000, 0x24db0000)
  to   space 1152K,   0% used [0x24db0000, 0x24db0000, 0x24ed0000)
 tenured generation   total 23788K, used 14272K [0x29870000, 0x2afab000, 0x34320000)
   the space 23788K,  59% used [0x29870000, 0x2a660000, 0x2a660000, 0x2afab000)
 compacting perm gen  total 12288K, used 3006K [0x34320000, 0x34f20000, 0x38320000)
   the space 12288K,  24% used [0x34320000, 0x3460f960, 0x3460fa00, 0x34f20000)
    ro space 10240K,  41% used [0x38320000, 0x38751a78, 0x38751c00, 0x38d20000)
    rw space 12288K,  52% used [0x38d20000, 0x393662c0, 0x39366400, 0x39920000)
}
Event: 0.608 GC heap before
{Heap before GC invocations=5 (full 1):
 def new generation   total 10816K, used 9664K [0x24320000, 0x24ed0000, 0x29870000)
  eden space 9664K, 100% used [0x24320000, 0x24c90000, 0x24c90000)
  from space 1152K,   0% used [0x24c90000, 0x24c90000, 0x24db0000)
  to   space 1152K,   0% used [0x24db0000, 0x24db0000, 0x24ed0000)
 tenured generation   total 23788K, used 14272K [0x29870000, 0x2afab000, 0x34320000)
   the space 23788K,  59% used [0x29870000, 0x2a660000, 0x2a660000, 0x2afab000)
 compacting perm gen  total 12288K, used 3006K [0x34320000, 0x34f20000, 0x38320000)
   the space 12288K,  24% used [0x34320000, 0x3460f960, 0x3460fa00, 0x34f20000)
    ro space 10240K,  41% used [0x38320000, 0x38751a78, 0x38751c00, 0x38d20000)
    rw space 12288K,  52% used [0x38d20000, 0x393662c0, 0x39366400, 0x39920000)
Event: 0.640 GC heap after
Heap after GC invocations=6 (full 1):
 def new generation   total 10816K, used 1152K [0x24320000, 0x24ed0000, 0x29870000)
  eden space 9664K,   0% used [0x24320000, 0x24320000, 0x24c90000)
  from space 1152K, 100% used [0x24db0000, 0x24ed0000, 0x24ed0000)
  to   space 1152K,   0% used [0x24c90000, 0x24c90000, 0x24db0000)
 tenured generation   total 23788K, used 22652K [0x29870000, 0x2afab000, 0x34320000)
   the space 23788K,  95% used [0x29870000, 0x2ae8f3b8, 0x2ae8f400, 0x2afab000)
 compacting perm gen  total 12288K, used 3006K [0x34320000, 0x34f20000, 0x38320000)
   the space 12288K,  24% used [0x34320000, 0x3460f960, 0x3460fa00, 0x34f20000)
    ro space 10240K,  41% used [0x38320000, 0x38751a78, 0x38751c00, 0x38d20000)
    rw space 12288K,  52% used [0x38d20000, 0x393662c0, 0x39366400, 0x39920000)
}
Event: 1.232 GC heap before
{Heap before GC invocations=6 (full 1):
 def new generation   total 10816K, used 10816K [0x24320000, 0x24ed0000, 0x29870000)
  eden space 9664K, 100% used [0x24320000, 0x24c90000, 0x24c90000)
  from space 1152K, 100% used [0x24db0000, 0x24ed0000, 0x24ed0000)
  to   space 1152K,   0% used [0x24c90000, 0x24c90000, 0x24db0000)
 tenured generation   total 23788K, used 22652K [0x29870000, 0x2afab000, 0x34320000)
   the space 23788K,  95% used [0x29870000, 0x2ae8f3b8, 0x2ae8f400, 0x2afab000)
 compacting perm gen  total 12288K, used 3391K [0x34320000, 0x34f20000, 0x38320000)
   the space 12288K,  27% used [0x34320000, 0x3466fe78, 0x34670000, 0x34f20000)
    ro space 10240K,  41% used [0x38320000, 0x38751a78, 0x38751c00, 0x38d20000)
    rw space 12288K,  52% used [0x38d20000, 0x393662c0, 0x39366400, 0x39920000)
Event: 1.319 GC heap after
Heap after GC invocations=7 (full 2):
 def new generation   total 23680K, used 1088K [0x24320000, 0x25cd0000, 0x29870000)
  eden space 21056K,   5% used [0x24320000, 0x24430208, 0x257b0000)
  from space 2624K,   0% used [0x257b0000, 0x257b0000, 0x25a40000)
  to   space 2624K,   0% used [0x25a40000, 0x25a40000, 0x25cd0000)
 tenured generation   total 52536K, used 31520K [0x29870000, 0x2cbbe000, 0x34320000)
   the space 52536K,  59% used [0x29870000, 0x2b738000, 0x2b738000, 0x2cbbe000)
 compacting perm gen  total 12288K, used 3391K [0x34320000, 0x34f20000, 0x38320000)
   the space 12288K,  27% used [0x34320000, 0x3466fe78, 0x34670000, 0x34f20000)
    ro space 10240K,  41% used [0x38320000, 0x38751a78, 0x38751c00, 0x38d20000)
    rw space 12288K,  52% used [0x38d20000, 0x393662c0, 0x39366400, 0x39920000)
}

